<?xml version="1.0" encoding="UTF-8"?>
<!-- Generated by org.testng.reporters.JUnitReportReporter -->
<testsuite hostname="DESKTOP-TD21LFT" failures="0" tests="1" name="testCase.testCaseMain" time="1.540" errors="0" timestamp="2025-02-18T16:05:52 GMT" skipped="0">
  <testcase classname="testCase.testCaseMain" name="loginTest" time="1.540"/>
</testsuite> <!-- testCase.testCaseMain -->
