<?xml version="1.0" encoding="UTF-8"?>
<!-- Generated by org.testng.reporters.JUnitReportReporter -->
<testsuite hostname="DESKTOP-TD21LFT" failures="0" tests="1" name="testCases.TC01_AccountReg" time="0.458" errors="0" timestamp="2025-03-12T16:28:16 GMT" skipped="0">
  <testcase classname="testCases.TC01_AccountReg" name="verifyAccReg" time="0.458"/>
</testsuite> <!-- testCases.TC01_AccountReg -->
